gyp WARN download NVM_NODEJS_ORG_MIRROR is deprecated and will be removed in node-gyp v4, please use NODEJS_ORG_MIRROR
gyp WARN download NVM_NODEJS_ORG_MIRROR is deprecated and will be removed in node-gyp v4, please use NODEJS_ORG_MIRROR
gyp WARN download NVM_NODEJS_ORG_MIRROR is deprecated and will be removed in node-gyp v4, please use NODEJS_ORG_MIRROR
In file included from ../src/bufferutil.cc:16:
In file included from ../../nan/nan.h:74:
In file included from ../../nan/nan_new.h:181:
../../nan/nan_implementation_12_inl.h:172:66: error: too many arguments to function call, expected at most 2, have 4
  return v8::Signature::New(v8::Isolate::GetCurrent(), receiver, argc, argv);
         ~~~~~~~~~~~~~~~~~~                                      ^~~~~~~~~~
/Users/robertrice/.node-gyp/6.4.0/include/node/v8.h:4798:3: note: 'New' declared here
  static Local<Signature> New(
  ^
In file included from ../src/bufferutil.cc:16:
../../nan/nan.h:165:25: error: redefinition of '_NanEnsureLocal'
NAN_INLINE v8::Local<T> _NanEnsureLocal(v8::Local<T> val) {
                        ^
../../nan/nan.h:160:25: note: previous definition is here
NAN_INLINE v8::Local<T> _NanEnsureLocal(v8::Handle<T> val) {
                        ^
../../nan/nan.h:253:12: error: no matching function for call to '_NanEnsureLocal'
    return NanEscapeScope(NanNew(v8::Undefined(v8::Isolate::GetCurrent())));
           ^~~~~~~~~~~~~~~~~~~~~~~~~~~~~~~~~~~~~~~~~~~~~~~~~~~~~~~~~~~~~~~~
../../nan/nan.h:239:43: note: expanded from macro 'NanEscapeScope'
# define NanEscapeScope(val) scope.Escape(_NanEnsureLocal(val))
                                          ^~~~~~~~~~~~~~~
../../nan/nan.h:165:25: note: candidate template ignored: substitution failure [with T = v8::Primitive]
NAN_INLINE v8::Local<T> _NanEnsureLocal(v8::Local<T> val) {
                        ^
../../nan/nan.h:258:12: error: no matching function for call to '_NanEnsureLocal'
    return NanEscapeScope(NanNew(v8::Null(v8::Isolate::GetCurrent())));
           ^~~~~~~~~~~~~~~~~~~~~~~~~~~~~~~~~~~~~~~~~~~~~~~~~~~~~~~~~~~
../../nan/nan.h:239:43: note: expanded from macro 'NanEscapeScope'
# define NanEscapeScope(val) scope.Escape(_NanEnsureLocal(val))
                                          ^~~~~~~~~~~~~~~
../../nan/nan.h:165:25: note: candidate template ignored: substitution failure [with T = v8::Primitive]
NAN_INLINE v8::Local<T> _NanEnsureLocal(v8::Local<T> val) {
                        ^
../../nan/nan.h:263:12: error: no matching function for call to '_NanEnsureLocal'
    return NanEscapeScope(NanNew(v8::True(v8::Isolate::GetCurrent())));
           ^~~~~~~~~~~~~~~~~~~~~~~~~~~~~~~~~~~~~~~~~~~~~~~~~~~~~~~~~~~
../../nan/nan.h:239:43: note: expanded from macro 'NanEscapeScope'
# define NanEscapeScope(val) scope.Escape(_NanEnsureLocal(val))
                                          ^~~~~~~~~~~~~~~
../../nan/nan.h:165:25: note: candidate template ignored: substitution failure [with T = v8::Boolean]
NAN_INLINE v8::Local<T> _NanEnsureLocal(v8::Local<T> val) {
                        ^
../../nan/nan.h:268:12: error: no matching function for call to '_NanEnsureLocal'
    return NanEscapeScope(NanNew(v8::False(v8::Isolate::GetCurrent())));
           ^~~~~~~~~~~~~~~~~~~~~~~~~~~~~~~~~~~~~~~~~~~~~~~~~~~~~~~~~~~~
../../nan/nan.h:239:43: note: expanded from macro 'NanEscapeScope'
# define NanEscapeScope(val) scope.Escape(_NanEnsureLocal(val))
                                          ^~~~~~~~~~~~~~~
../../nan/nan.h:165:25: note: candidate template ignored: substitution failure [with T = v8::Boolean]
NAN_INLINE v8::Local<T> _NanEnsureLocal(v8::Local<T> val) {
                        ^
../../nan/nan.h:312:20: error: no type named 'GCEpilogueCallback' in 'v8::Isolate'
      v8::Isolate::GCEpilogueCallback callback
      ~~~~~~~~~~~~~^
../../nan/nan.h:318:20: error: no type named 'GCEpilogueCallback' in 'v8::Isolate'
      v8::Isolate::GCEpilogueCallback callback) {
      ~~~~~~~~~~~~~^
../../nan/nan.h:323:20: error: no type named 'GCPrologueCallback' in 'v8::Isolate'
      v8::Isolate::GCPrologueCallback callback
      ~~~~~~~~~~~~~^
../../nan/nan.h:329:20: error: no type named 'GCPrologueCallback' in 'v8::Isolate'
      v8::Isolate::GCPrologueCallback callback) {
      ~~~~~~~~~~~~~^
../../nan/nan.h:500:13: error: no member named 'smalloc' in namespace 'node'
    , node::smalloc::FreeCallback callback
      ~~~~~~^
../../nan/nan.h:511:12: error: no matching function for call to 'New'
    return node::Buffer::New(v8::Isolate::GetCurrent(), data, size);
           ^~~~~~~~~~~~~~~~~
/Users/robertrice/.node-gyp/6.4.0/include/node/node_buffer.h:46:40: note: candidate function not viable: 2nd argument ('const char *') would lose const qualifier
NODE_EXTERN v8::MaybeLocal<v8::Object> New(v8::Isolate* isolate,
                                       ^
/Users/robertrice/.node-gyp/6.4.0/include/node/node_buffer.h:34:40: note: candidate function not viable: no known conversion from 'const char *' to 'v8::Local<v8::String>' for 2nd argument
NODE_EXTERN v8::MaybeLocal<v8::Object> New(v8::Isolate* isolate,
                                       ^
/Users/robertrice/.node-gyp/6.4.0/include/node/node_buffer.h:31:40: note: candidate function not viable: requires 2 arguments, but 3 were provided
NODE_EXTERN v8::MaybeLocal<v8::Object> New(v8::Isolate* isolate, size_t length);
                                       ^
/Users/robertrice/.node-gyp/6.4.0/include/node/node_buffer.h:39:40: note: candidate function not viable: requires 5 arguments, but 3 were provided
NODE_EXTERN v8::MaybeLocal<v8::Object> New(v8::Isolate* isolate,
                                       ^
In file included from ../src/bufferutil.cc:16:
../../nan/nan.h:515:12: error: no viable conversion from returned value of type 'v8::MaybeLocal<v8::Object>' to function return type 'v8::Local<v8::Object>'
    return node::Buffer::New(v8::Isolate::GetCurrent(), size);
           ^~~~~~~~~~~~~~~~~~~~~~~~~~~~~~~~~~~~~~~~~~~~~~~~~~
/Users/robertrice/.node-gyp/6.4.0/include/node/v8.h:216:7: note: candidate constructor (the implicit copy constructor) not viable: no known conversion from 'v8::MaybeLocal<v8::Object>' to 'const v8::Local<v8::Object> &' for 1st argument
class Local {
      ^
/Users/robertrice/.node-gyp/6.4.0/include/node/v8.h:216:7: note: candidate constructor (the implicit move constructor) not viable: no known conversion from 'v8::MaybeLocal<v8::Object>' to 'v8::Local<v8::Object> &&' for 1st argument
/Users/robertrice/.node-gyp/6.4.0/include/node/v8.h:220:13: note: candidate template ignored: could not match 'Local' against 'MaybeLocal'
  V8_INLINE Local(Local<S> that)
            ^
In file included from ../src/bufferutil.cc:16:
../../nan/nan.h:522:26: error: no member named 'Use' in namespace 'node::Buffer'
    return node::Buffer::Use(v8::Isolate::GetCurrent(), data, size);
           ~~~~~~~~~~~~~~^
../../nan/nan.h:1339:12: error: no matching function for call to '_NanEnsureLocal'
    return NanEscapeScope(NanNew(handle)->Get(kCallbackIndex)
           ^~~~~~~~~~~~~~~~~~~~~~~~~~~~~~~~~~~~~~~~~~~~~~~~~~
../../nan/nan.h:239:43: note: expanded from macro 'NanEscapeScope'
# define NanEscapeScope(val) scope.Escape(_NanEnsureLocal(val))
                                          ^~~~~~~~~~~~~~~
../../nan/nan.h:165:25: note: candidate template ignored: substitution failure [with T = v8::Function]
NAN_INLINE v8::Local<T> _NanEnsureLocal(v8::Local<T> val) {
                        ^
../../nan/nan.h:1354:12: error: no matching function for call to '_NanEnsureLocal'
    return NanEscapeScope(node::MakeCallback(
           ^~~~~~~~~~~~~~~~~~~~~~~~~~~~~~~~~~
../../nan/nan.h:239:43: note: expanded from macro 'NanEscapeScope'
# define NanEscapeScope(val) scope.Escape(_NanEnsureLocal(val))
                                          ^~~~~~~~~~~~~~~
../../nan/nan.h:165:25: note: candidate template ignored: substitution failure [with T = v8::Value]
NAN_INLINE v8::Local<T> _NanEnsureLocal(v8::Local<T> val) {
                        ^
../../nan/nan.h:1427:12: error: no matching function for call to '_NanEnsureLocal'
    return NanEscapeScope(handle->Get(NanNew(key)).As<v8::Object>());
           ^~~~~~~~~~~~~~~~~~~~~~~~~~~~~~~~~~~~~~~~~~~~~~~~~~~~~~~~~
../../nan/nan.h:239:43: note: expanded from macro 'NanEscapeScope'
# define NanEscapeScope(val) scope.Escape(_NanEnsureLocal(val))
                                          ^~~~~~~~~~~~~~~
../../nan/nan.h:165:25: note: candidate template ignored: substitution failure [with T = v8::Object]
NAN_INLINE v8::Local<T> _NanEnsureLocal(v8::Local<T> val) {
                        ^
../src/bufferutil.cc:30:5: error: call to 'NODE_SET_METHOD' is ambiguous
    NODE_SET_METHOD(t, "unmask", BufferUtil::Unmask);
    ^~~~~~~~~~~~~~~
/Users/robertrice/.node-gyp/6.4.0/include/node/node.h:269:25: note: expanded from macro 'NODE_SET_METHOD'
#define NODE_SET_METHOD node::NODE_SET_METHOD
                        ^~~~~~~~~~~~~~~~~~~~~
/Users/robertrice/.node-gyp/6.4.0/include/node/node.h:244:13: note: candidate function
inline void NODE_SET_METHOD(v8::Local<v8::Template> recv,
            ^
/Users/robertrice/.node-gyp/6.4.0/include/node/node.h:257:13: note: candidate function
inline void NODE_SET_METHOD(v8::Local<v8::Object> recv,
            ^
../src/bufferutil.cc:31:5: error: call to 'NODE_SET_METHOD' is ambiguous
    NODE_SET_METHOD(t, "mask", BufferUtil::Mask);
    ^~~~~~~~~~~~~~~
/Users/robertrice/.node-gyp/6.4.0/include/node/node.h:269:25: note: expanded from macro 'NODE_SET_METHOD'
#define NODE_SET_METHOD node::NODE_SET_METHOD
                        ^~~~~~~~~~~~~~~~~~~~~
/Users/robertrice/.node-gyp/6.4.0/include/node/node.h:244:13: note: candidate function
inline void NODE_SET_METHOD(v8::Local<v8::Template> recv,
            ^
/Users/robertrice/.node-gyp/6.4.0/include/node/node.h:257:13: note: candidate function
inline void NODE_SET_METHOD(v8::Local<v8::Object> recv,
            ^
fatal error: too many errors emitted, stopping now [-ferror-limit=]
20 errors generated.
make: *** [Release/obj.target/bufferutil/src/bufferutil.o] Error 1
gyp ERR! build error 
gyp ERR! stack Error: `make` failed with exit code: 2
gyp ERR! stack     at ChildProcess.onExit (/Users/robertrice/.nvm/versions/node/v6.4.0/lib/node_modules/npm/node_modules/node-gyp/lib/build.js:276:23)
gyp ERR! stack     at emitTwo (events.js:106:13)
gyp ERR! stack     at ChildProcess.emit (events.js:191:7)
gyp ERR! stack     at Process.ChildProcess._handle.onexit (internal/child_process.js:204:12)
gyp ERR! System Darwin 15.4.0
gyp ERR! command "/Users/robertrice/.nvm/versions/node/v6.4.0/bin/node" "/Users/robertrice/.nvm/versions/node/v6.4.0/lib/node_modules/npm/node_modules/node-gyp/bin/node-gyp.js" "rebuild"
gyp ERR! cwd /Users/robertrice/trading/node_modules/ws
gyp ERR! node -v v6.4.0
gyp ERR! node-gyp -v v3.3.1
gyp ERR! not ok 
